c:\games\pong\sfml_pong\sfml_pong\x64\debug\vc141.pdb
c:\games\pong\sfml_pong\sfml_pong\x64\debug\vc141.idb
c:\games\pong\sfml_pong\sfml_pong\x64\debug\ball.obj
c:\games\pong\sfml_pong\sfml_pong\x64\debug\end_screen.obj
c:\games\pong\sfml_pong\sfml_pong\x64\debug\game_screen.obj
c:\games\pong\sfml_pong\sfml_pong\x64\debug\main.obj
c:\games\pong\sfml_pong\sfml_pong\x64\debug\menu_screen.obj
c:\games\pong\sfml_pong\sfml_pong\x64\debug\player.obj
c:\games\pong\sfml_pong\sfml_pong\x64\debug\score.obj
c:\games\pong\sfml_pong\x64\debug\sfml_pong.ilk
c:\games\pong\sfml_pong\x64\debug\sfml_pong.exe
c:\games\pong\sfml_pong\x64\debug\sfml_pong.pdb
c:\games\projects (1)\pong\sfml_pong\sfml_pong\x64\debug\ball.obj
c:\games\projects (1)\pong\sfml_pong\sfml_pong\x64\debug\end_screen.obj
c:\games\projects (1)\pong\sfml_pong\sfml_pong\x64\debug\game_screen.obj
c:\games\projects (1)\pong\sfml_pong\sfml_pong\x64\debug\main.obj
c:\games\projects (1)\pong\sfml_pong\sfml_pong\x64\debug\menu_screen.obj
c:\games\projects (1)\pong\sfml_pong\sfml_pong\x64\debug\player.obj
c:\games\projects (1)\pong\sfml_pong\sfml_pong\x64\debug\score.obj
c:\games\projects (1)\pong\sfml_pong\sfml_pong\x64\debug\ball.obj.enc
c:\games\projects (1)\pong\sfml_pong\sfml_pong\x64\debug\end_screen.obj.enc
c:\games\projects (1)\pong\sfml_pong\sfml_pong\x64\debug\game_screen.obj.enc
c:\games\projects (1)\pong\sfml_pong\sfml_pong\x64\debug\main.obj.enc
c:\games\projects (1)\pong\sfml_pong\sfml_pong\x64\debug\menu_screen.obj.enc
c:\games\projects (1)\pong\sfml_pong\sfml_pong\x64\debug\vc140.idb
c:\games\projects (1)\pong\sfml_pong\sfml_pong\x64\debug\vc141.idb
c:\games\projects (1)\pong\sfml_pong\sfml_pong\x64\debug\vc140.pdb
c:\games\projects (1)\pong\sfml_pong\sfml_pong\x64\debug\vc141.pdb
c:\games\projects (1)\pong\sfml_pong\x64\debug\sfml_pong.pdb
c:\games\projects (1)\pong\sfml_pong\x64\debug\sfml_pong.exe
c:\games\projects (1)\pong\sfml_pong\x64\debug\sfml_pong.ilk
c:\games\projects (1)\pong\sfml_pong\sfml_pong\x64\debug\sfml_pong.tlog\cl.command.1.tlog
c:\games\projects (1)\pong\sfml_pong\sfml_pong\x64\debug\sfml_pong.tlog\cl.read.1.tlog
c:\games\projects (1)\pong\sfml_pong\sfml_pong\x64\debug\sfml_pong.tlog\cl.write.1.tlog
c:\games\projects (1)\pong\sfml_pong\sfml_pong\x64\debug\sfml_pong.tlog\link.command.1.tlog
c:\games\projects (1)\pong\sfml_pong\sfml_pong\x64\debug\sfml_pong.tlog\link.read.1.tlog
c:\games\projects (1)\pong\sfml_pong\sfml_pong\x64\debug\sfml_pong.tlog\link.write.1.tlog
